04.10.2025 18:43:34 : 
Intigrating new lead... 

04.10.2025 18:43:34 : Searching for org
04.10.2025 18:43:34 : Org search success
04.10.2025 18:43:34 : Searching for person 
04.10.2025 18:43:35 : Person search Success
04.10.2025 18:43:35 : Org aleardy exist id: 10 and name: Ola Nordmann
04.10.2025 18:43:35 : Person already exists with id: 5 and name: Ola Nordmann
04.10.2025 18:43:35 : Searching for leads
04.10.2025 18:43:35 : Leads search success
04.10.2025 18:43:35 : Creating new lead
04.10.2025 18:43:36 : Lead created with title: Spotprisdeal for: Ola Nordmann, and id: 45391380-a141-11f0-a8e0-d9a10f84bde4
04.10.2025 18:43:36 : Added custom fields
04.10.2025 18:46:40 : Added custom fields
04.10.2025 18:47:11 : Added custom fields
04.10.2025 18:47:49 : 
Intigrating new lead... 

04.10.2025 18:47:49 : Searching for org
04.10.2025 18:47:49 : Org search success
04.10.2025 18:47:49 : Searching for person 
04.10.2025 18:47:50 : Person search Success
04.10.2025 18:47:50 : Org aleardy exist id: 10 and name: Ola Nordmann
04.10.2025 18:47:50 : Person already exists with id: 5 and name: Ola Nordmann
04.10.2025 18:47:50 : Searching for leads
04.10.2025 18:47:50 : Leads search success
04.10.2025 18:47:50 : Creating new lead
04.10.2025 18:47:51 : Lead created with title: Spotprisdeal for: Ola Nordmann, and id: dd602fe0-a141-11f0-b3b8-e9fbad8050b5
04.10.2025 18:47:52 : Added custom fields
04.10.2025 19:03:02 : 
Intigrating new lead... 

04.10.2025 19:03:02 : Searching for org
04.10.2025 19:03:02 : Org search success
04.10.2025 19:03:02 : Searching for person 
04.10.2025 19:03:03 : Person search Success
04.10.2025 19:03:03 : Org aleardy exist id: 10 and name: Ola Nordmann
04.10.2025 19:03:03 : Person already exists with id: 5 and name: Ola Nordmann
04.10.2025 19:03:03 : Searching for leads
04.10.2025 19:03:04 : Leads search success
04.10.2025 19:03:04 : Lead with same name already exists, no new lead created
04.10.2025 19:05:19 : 
Intigrating new lead... 

04.10.2025 19:05:19 : Searching for org
04.10.2025 19:05:19 : Org search success
04.10.2025 19:05:19 : Searching for person 
04.10.2025 19:05:20 : Person search Success
04.10.2025 19:05:20 : Org aleardy exist id: 10 and name: Ola Nordmann
04.10.2025 19:05:20 : Person already exists with id: 5 and name: Ola Nordmann
04.10.2025 19:05:20 : Searching for leads
04.10.2025 19:05:20 : Leads search success
04.10.2025 19:05:20 : Creating new lead
04.10.2025 19:05:21 : Lead created with title: Spotprisdeal for: Ola Nordmann, and id: 4f489410-a144-11f0-860b-dd29933a7269
04.10.2025 19:08:03 : 
Intigrating new lead... 

04.10.2025 19:08:03 : Searching for org
04.10.2025 19:08:04 : Org search success
04.10.2025 19:08:04 : Searching for person 
04.10.2025 19:08:04 : Person search Success
04.10.2025 19:08:04 : Org aleardy exist id: 10 and name: Ola Nordmann
04.10.2025 19:08:04 : Person already exists with id: 5 and name: Ola Nordmann
04.10.2025 19:08:04 : Searching for leads
04.10.2025 19:08:05 : Leads search success
04.10.2025 19:08:05 : Creating new lead
04.10.2025 19:08:06 : Lead created with title: Spotprisdeal for: Ola Nordmann, and id: b13cdf50-a144-11f0-8351-8b12ca1274ac
04.10.2025 19:09:23 : 
Intigrating new lead... 

04.10.2025 19:09:23 : Searching for org
04.10.2025 19:09:24 : Org search success
04.10.2025 19:09:24 : Searching for person 
04.10.2025 19:09:24 : Person search Success
04.10.2025 19:09:24 : Org aleardy exist id: 10 and name: Ola Nordmann
04.10.2025 19:09:24 : Person already exists with id: 5 and name: Ola Nordmann
04.10.2025 19:09:24 : Searching for leads
04.10.2025 19:09:25 : Leads search success
04.10.2025 19:09:25 : Lead with same name already exists, no new lead created
04.10.2025 19:09:36 : 
Intigrating new lead... 

04.10.2025 19:09:36 : Searching for org
04.10.2025 19:09:37 : Org search success
04.10.2025 19:09:37 : Searching for person 
04.10.2025 19:09:37 : Person search Success
04.10.2025 19:09:37 : Org aleardy exist id: 10 and name: Ola Nordmann
04.10.2025 19:09:37 : Person already exists with id: 5 and name: Ola Nordmann
04.10.2025 19:09:37 : Searching for leads
04.10.2025 19:09:38 : Leads search success
04.10.2025 19:09:38 : Creating new lead
04.10.2025 19:09:39 : Lead created with title: Spotprisdeal for: Ola Nordmann, and id: e8a438d0-a144-11f0-8351-8b12ca1274ac
04.10.2025 19:09:39 : Added custom fields
04.10.2025 19:13:18 : 
Intigrating new lead... 

04.10.2025 19:13:18 : Searching for org
04.10.2025 19:13:19 : Org search success
04.10.2025 19:13:19 : Searching for person 
04.10.2025 19:13:19 : Person search Success
04.10.2025 19:13:19 : Org aleardy exist id: 10 and name: Ola Nordmann
04.10.2025 19:13:19 : Person already exists with id: 5 and name: Ola Nordmann
04.10.2025 19:13:19 : Searching for leads
04.10.2025 19:13:20 : Leads search success
04.10.2025 19:13:20 : Creating new lead
04.10.2025 19:13:20 : Lead created with title: Spotprisdeal for: Ola Nordmann, and id: 6ce75280-a145-11f0-860b-dd29933a7269
04.10.2025 19:13:21 : Added custom fields
04.10.2025 19:15:54 : 
Intigrating new lead... 

04.10.2025 19:15:54 : Searching for org
04.10.2025 19:15:55 : Org search success
04.10.2025 19:15:55 : Searching for person 
04.10.2025 19:15:55 : Person search Success
04.10.2025 19:15:55 : Org aleardy exist id: 10 and name: Ola Nordmann
04.10.2025 19:15:55 : Person already exists with id: 5 and name: Ola Nordmann
04.10.2025 19:15:55 : Searching for leads
04.10.2025 19:15:56 : Leads search success
04.10.2025 19:15:56 : Creating new lead
04.10.2025 19:15:56 : Lead created with title: Spotprisdeal for: Ola Nordmann, and id: c9ddff70-a145-11f0-860b-dd29933a7269
04.10.2025 19:15:57 : Added custom fields
04.10.2025 19:18:15 : 
Intigrating new lead... 

04.10.2025 19:18:15 : Searching for org
04.10.2025 19:18:15 : Org search success
04.10.2025 19:18:15 : Searching for person 
04.10.2025 19:18:16 : Person search Success
04.10.2025 19:18:16 : Org aleardy exist id: 10 and name: Ola Nordmann
04.10.2025 19:18:16 : Person already exists with id: 5 and name: Ola Nordmann
04.10.2025 19:18:16 : Searching for leads
04.10.2025 19:18:17 : Leads search success
04.10.2025 19:18:17 : Creating new lead
04.10.2025 19:18:18 : Lead created with title: Spotprisdeal for: Ola Nordmann, and id: 1dfe8ed0-a146-11f0-860b-dd29933a7269
04.10.2025 19:18:18 : Added custom fields
04.10.2025 19:24:43 : 
Intigrating new lead... 

04.10.2025 19:24:43 : Searching for org
04.10.2025 19:24:44 : Org search success
04.10.2025 19:24:44 : Searching for person 
04.10.2025 19:24:45 : Person search Success
04.10.2025 19:24:45 : Org aleardy exist id: 10 and name: Ola Nordmann
04.10.2025 19:24:45 : Person already exists with id: 5 and name: Ola Nordmann
04.10.2025 19:24:45 : Searching for leads
04.10.2025 19:24:45 : Leads search success
04.10.2025 19:24:45 : Creating new lead
04.10.2025 19:24:46 : Lead created with title: Spotprisdeal for: Ola Nordmann, and id: 057578a0-a147-11f0-a8e0-d9a10f84bde4
04.10.2025 19:24:46 : Added custom fields
04.10.2025 19:26:34 : 
Intigrating new lead... 

04.10.2025 19:26:34 : Searching for org
04.10.2025 19:26:34 : Org search success
04.10.2025 19:26:34 : Searching for person 
04.10.2025 19:26:35 : Person search Success
04.10.2025 19:26:35 : Org aleardy exist id: 10 and name: Ola Nordmann
04.10.2025 19:26:35 : Person already exists with id: 5 and name: Ola Nordmann
04.10.2025 19:26:35 : Searching for leads
04.10.2025 19:26:35 : Leads search success
04.10.2025 19:26:35 : Creating new lead
04.10.2025 19:26:36 : Lead created with title: Spotprisdeal for: Ola Nordmann, and id: 47240be0-a147-11f0-860b-dd29933a7269
04.10.2025 19:26:37 : Added custom fields
04.10.2025 19:27:03 : 
Intigrating new lead... 

04.10.2025 19:27:03 : Searching for org
04.10.2025 19:27:03 : Org search success
04.10.2025 19:27:03 : Searching for person 
04.10.2025 19:27:04 : Person search Success
04.10.2025 19:27:04 : Org aleardy exist id: 10 and name: Ola Nordmann
04.10.2025 19:27:04 : Person already exists with id: 5 and name: Ola Nordmann
04.10.2025 19:27:04 : Searching for leads
04.10.2025 19:27:04 : Leads search success
04.10.2025 19:27:04 : Lead with same name already exists, no new lead created
04.10.2025 19:27:34 : 
Intigrating new lead... 

04.10.2025 19:27:34 : Searching for org
04.10.2025 19:27:35 : Org search success
04.10.2025 19:27:35 : Searching for person 
04.10.2025 19:27:35 : Person search Success
04.10.2025 19:27:35 : Org aleardy exist id: 10 and name: Ola Nordmann
04.10.2025 19:27:35 : No preexisting person with found. Creating new person
04.10.2025 19:27:36 : Person added to drive 
{
    "success": true,
    "data": {
        "id": 6,
        "name": "Ola Nordmann",
        "first_name": "Ola",
        "last_name": "Nordmann",
        "owner_id": 24387309,
        "org_id": 10,
        "add_time": "2025-10-04T17:27:35Z",
        "emails": [
            {
                "value": "ola.nordmannn@online.no",
                "primary": true,
                "label": "work"
            }
        ],
        "phones": [
            {
                "value": "12345678",
                "primary": true,
                "label": "work"
            }
        ],
        "is_deleted": false,
        "visible_to": 3,
        "label_ids": [],
        "custom_fields": {
            "81a18685b17819a82388373aed2bf64188a4df5b": [
                38
            ]
        }
    }
}

04.10.2025 19:27:36 : New person created with id: 6 and name: 6
04.10.2025 19:27:36 : Searching for leads
04.10.2025 19:27:36 : Leads search success
04.10.2025 19:27:36 : Lead with same name already exists, no new lead created
04.10.2025 19:29:11 : 
Intigrating new lead... 

04.10.2025 19:29:11 : Searching for org
04.10.2025 19:29:12 : Org search success
04.10.2025 19:29:12 : Searching for person 
04.10.2025 19:29:12 : Person search Success
04.10.2025 19:29:12 : Org aleardy exist id: 10 and name: Ola Nordmann
04.10.2025 19:29:12 : Person already exists with id: 6 and name: Ola Nordmann
04.10.2025 19:29:12 : Searching for leads
04.10.2025 19:29:13 : Leads search success
04.10.2025 19:29:13 : Creating new lead
04.10.2025 19:29:14 : Lead created with title: Spotprisdeal for: Ola Nordmann, and id: a5095e90-a147-11f0-8351-8b12ca1274ac
04.10.2025 19:29:14 : Added custom fields
04.10.2025 19:29:14 : {
    "success": true,
    "data": {
        "id": "a5095e90-a147-11f0-8351-8b12ca1274ac",
        "title": "Spotprisdeal for: Ola Nordmann",
        "owner_id": 24387309,
        "creator_id": 24387309,
        "label_ids": [],
        "person_id": 6,
        "organization_id": 10,
        "source_name": "API",
        "origin": "API",
        "is_archived": false,
        "was_seen": false,
        "add_time": "2025-10-04T17:29:13+00:00",
        "update_time": "2025-10-04T17:29:13+00:00",
        "visible_to": "3",
        "cc_email": "test-sandbox64+14366227+lead9rqnj5b341na9psg87g43k0x8@pipedrivemail.com"
    }
}
04.10.2025 19:30:02 : 
Intigrating new lead... 

04.10.2025 19:30:02 : Searching for org
04.10.2025 19:30:03 : Org search success
04.10.2025 19:30:03 : Searching for person 
04.10.2025 19:30:04 : Person search Success
04.10.2025 19:30:04 : Org aleardy exist id: 10 and name: Ola Nordmann
04.10.2025 19:30:04 : Person already exists with id: 6 and name: Ola Nordmann
04.10.2025 19:30:04 : Searching for leads
04.10.2025 19:30:04 : Leads search success
04.10.2025 19:30:04 : Creating new lead
04.10.2025 19:30:05 : Lead created with title: Spotprisdeal for: Ola Nordmann, and id: c3964300-a147-11f0-8351-8b12ca1274ac
04.10.2025 19:30:05 : Added custom fields
04.10.2025 19:30:49 : 
Intigrating new lead... 

04.10.2025 19:30:49 : Searching for org
04.10.2025 19:30:49 : Org search success
04.10.2025 19:30:49 : Searching for person 
04.10.2025 19:30:50 : Person search Success
04.10.2025 19:30:50 : Org aleardy exist id: 10 and name: Ola Nordmann
04.10.2025 19:30:50 : Person already exists with id: 6 and name: Ola Nordmann
04.10.2025 19:30:50 : Searching for leads
04.10.2025 19:30:50 : Leads search success
04.10.2025 19:30:50 : Creating new lead
04.10.2025 19:30:51 : Lead created with title: Spotprisdeal for: Ola Nordmann, and id: df16aac0-a147-11f0-a8e0-d9a10f84bde4
04.10.2025 19:30:51 : Added custom fields
04.10.2025 19:30:51 : {
    "success": true,
    "data": {
        "id": "df16aac0-a147-11f0-a8e0-d9a10f84bde4",
        "title": "Spotprisdeal for: Ola Nordmann",
        "owner_id": 24387309,
        "creator_id": 24387309,
        "label_ids": [],
        "person_id": 6,
        "organization_id": 10,
        "source_name": "API",
        "origin": "API",
        "is_archived": false,
        "was_seen": false,
        "add_time": "2025-10-04T17:30:50+00:00",
        "update_time": "2025-10-04T17:30:51+00:00",
        "visible_to": "3",
        "cc_email": "test-sandbox64+14366227+leadd7grlkgyurzvekdw088t7pnfo@pipedrivemail.com"
    }
}
04.10.2025 19:33:16 : 
Intigrating new lead... 

04.10.2025 19:33:16 : Searching for org
04.10.2025 19:33:17 : Org search success
04.10.2025 19:33:17 : Searching for person 
04.10.2025 19:33:17 : Person search Success
04.10.2025 19:33:17 : No preexisting organization found based on Leads name. Creating new org
04.10.2025 19:33:18 : Org added to drive 
{
    "success": true,
    "data": {
        "id": 11,
        "name": "Ola Nordmann",
        "owner_id": 24387309,
        "add_time": "2025-10-04T17:33:17Z",
        "is_deleted": false,
        "visible_to": 3,
        "label_ids": []
    }
} 

04.10.2025 19:33:18 : New org created wtih ID: 11 and name: Ola Nordmann
04.10.2025 19:33:18 : Person already exists with id: 6 and name: Ola Nordmann
04.10.2025 19:33:18 : Searching for leads
04.10.2025 19:33:18 : Leads search success
04.10.2025 19:33:18 : Creating new lead
04.10.2025 19:33:19 : Lead created with title: Spotprisdeal for: Ola Nordmann, and id: 3763a5c0-a148-11f0-8351-8b12ca1274ac
04.10.2025 19:33:20 : Added custom fields
04.10.2025 19:33:20 : {
    "success": true,
    "data": {
        "id": "3763a5c0-a148-11f0-8351-8b12ca1274ac",
        "title": "Spotprisdeal for: Ola Nordmann",
        "owner_id": 24387309,
        "creator_id": 24387309,
        "label_ids": [],
        "person_id": 6,
        "organization_id": 11,
        "source_name": "API",
        "origin": "API",
        "is_archived": false,
        "was_seen": false,
        "add_time": "2025-10-04T17:33:18+00:00",
        "update_time": "2025-10-04T17:33:19+00:00",
        "visible_to": "3",
        "cc_email": "test-sandbox64+14366227+lead3a1tb1s909ldoaay240yggb70@pipedrivemail.com"
    }
}
04.10.2025 19:34:16 : 
Intigrating new lead... 

04.10.2025 19:34:16 : Searching for org
04.10.2025 19:34:17 : Org search success
04.10.2025 19:34:17 : Searching for person 
04.10.2025 19:34:17 : Person search Success
04.10.2025 19:34:17 : Org aleardy exist id: 11 and name: Ola Nordmann
04.10.2025 19:34:17 : No preexisting person with found. Creating new person
04.10.2025 19:34:18 : Person added to drive 
{
    "success": true,
    "data": {
        "id": 8,
        "name": "Ola Nordmann",
        "first_name": "Ola",
        "last_name": "Nordmann",
        "owner_id": 24387309,
        "org_id": 11,
        "add_time": "2025-10-04T17:34:17Z",
        "emails": [
            {
                "value": "ola.nordmannn@online.no",
                "primary": true,
                "label": "work"
            }
        ],
        "phones": [
            {
                "value": "12345678",
                "primary": true,
                "label": "work"
            }
        ],
        "is_deleted": false,
        "visible_to": 3,
        "label_ids": [],
        "custom_fields": {
            "81a18685b17819a82388373aed2bf64188a4df5b": [
                38
            ]
        }
    }
}

04.10.2025 19:34:18 : New person created with id: 8 and name: 8
04.10.2025 19:34:18 : Searching for leads
04.10.2025 19:34:18 : Leads search success
04.10.2025 19:34:18 : Lead with same name already exists, no new lead created
04.10.2025 19:53:31 : 
Intigrating new lead... 

04.10.2025 19:53:31 : Searching for org
04.10.2025 19:53:31 : Org search success
04.10.2025 19:53:31 : Searching for person 
04.10.2025 19:53:32 : Person search Success
04.10.2025 19:53:32 : No preexisting organization found based on Leads name. Creating new org
04.10.2025 19:53:32 : Org added to drive 
{
    "success": true,
    "data": {
        "id": 13,
        "name": "Ola Nordmann",
        "owner_id": 24387309,
        "add_time": "2025-10-04T17:53:32Z",
        "is_deleted": false,
        "visible_to": 3,
        "label_ids": []
    }
} 

04.10.2025 19:53:32 : New org created wtih ID: 13 and name: Ola Nordmann
04.10.2025 19:53:32 : No preexisting person found. Creating new person
04.10.2025 19:53:33 : Person added to drive 
{
    "success": true,
    "data": {
        "id": 10,
        "name": "Ola Nordmann",
        "first_name": "Ola",
        "last_name": "Nordmann",
        "owner_id": 24387309,
        "org_id": 13,
        "add_time": "2025-10-04T17:53:32Z",
        "emails": [
            {
                "value": "ola.nordmannn@online.no",
                "primary": true,
                "label": "work"
            }
        ],
        "phones": [
            {
                "value": "12345678",
                "primary": true,
                "label": "work"
            }
        ],
        "is_deleted": false,
        "visible_to": 3,
        "label_ids": [],
        "custom_fields": {
            "81a18685b17819a82388373aed2bf64188a4df5b": [
                38
            ]
        }
    }
}

04.10.2025 19:53:33 : New person created with id: 10 and name: 10
04.10.2025 19:53:33 : Searching for leads
04.10.2025 19:53:34 : Leads search success
04.10.2025 19:53:34 : Lead with same name already exists, no new lead created
04.10.2025 19:54:30 : 
Intigrating new lead... 

04.10.2025 19:54:30 : Searching for org
04.10.2025 19:54:30 : Org search success
04.10.2025 19:54:30 : Searching for person 
04.10.2025 19:54:31 : Person search Success
04.10.2025 19:54:31 : Org aleardy exist id: 13 and name: Ola Nordmann
04.10.2025 19:54:31 : Person already exists with id: 10 and name: Ola Nordmann
04.10.2025 19:54:31 : Searching for leads
04.10.2025 19:54:31 : Leads search success
04.10.2025 19:54:31 : Creating new lead
04.10.2025 19:54:32 : Lead created with title: Spotprisdeal for: Ola Nordmann, and id: 2e04c8d0-a14b-11f0-860b-dd29933a7269
04.10.2025 19:54:32 : Added custom fields
04.10.2025 19:54:32 : {
    "success": true,
    "data": {
        "id": "2e04c8d0-a14b-11f0-860b-dd29933a7269",
        "title": "Spotprisdeal for: Ola Nordmann",
        "owner_id": 24387309,
        "creator_id": 24387309,
        "label_ids": [],
        "person_id": 10,
        "organization_id": 13,
        "source_name": "API",
        "origin": "API",
        "is_archived": false,
        "was_seen": false,
        "add_time": "2025-10-04T17:54:31+00:00",
        "update_time": "2025-10-04T17:54:32+00:00",
        "visible_to": "3",
        "cc_email": "test-sandbox64+14366227+lead2q2ufoq94c3rhg6ylgl0lql49@pipedrivemail.com"
    }
}
04.10.2025 19:55:24 : 
Intigrating new lead... 

04.10.2025 19:55:24 : Searching for org
04.10.2025 19:55:25 : Org search success
04.10.2025 19:55:25 : Searching for person 
04.10.2025 19:55:25 : Person search Success
04.10.2025 19:55:25 : Org aleardy exist id: 13 and name: Ola Nordmann
04.10.2025 19:55:25 : No preexisting person found. Creating new person
04.10.2025 19:55:26 : Person added to drive 
{
    "success": true,
    "data": {
        "id": 11,
        "name": "Ola Nordmann",
        "first_name": "Ola",
        "last_name": "Nordmann",
        "owner_id": 24387309,
        "org_id": 13,
        "add_time": "2025-10-04T17:55:25Z",
        "emails": [
            {
                "value": "ola.nordmannn@online.no",
                "primary": true,
                "label": "work"
            }
        ],
        "phones": [
            {
                "value": "12345678",
                "primary": true,
                "label": "work"
            }
        ],
        "is_deleted": false,
        "visible_to": 3,
        "label_ids": [],
        "custom_fields": {
            "81a18685b17819a82388373aed2bf64188a4df5b": [
                38
            ]
        }
    }
}

04.10.2025 19:55:26 : New person created with id: 11 and name: 11
04.10.2025 19:55:26 : Searching for leads
04.10.2025 19:55:26 : Leads search success
04.10.2025 19:55:26 : Lead with same name already exists, no new lead created
04.10.2025 21:05:19 : 
Intigrating new lead... 

04.10.2025 21:05:20 : Searching for org
04.10.2025 21:05:21 : Org search success
04.10.2025 21:05:21 : Searching for person 
04.10.2025 21:05:22 : Person search Success
04.10.2025 21:05:22 : Org aleardy exist id: 13 and name: Ola Nordmann
04.10.2025 21:05:22 : Person already exists with id: 11 and name: Ola Nordmann
04.10.2025 21:05:22 : Searching for leads
04.10.2025 21:05:23 : Leads search success
04.10.2025 21:05:23 : Creating new lead
04.10.2025 21:05:44 : 
Intigrating new lead... 

04.10.2025 21:05:44 : Searching for org
04.10.2025 21:05:44 : Org search success
04.10.2025 21:05:44 : Searching for person 
04.10.2025 21:05:45 : Person search Success
04.10.2025 21:05:45 : Org aleardy exist id: 13 and name: Ola Nordmann
04.10.2025 21:05:45 : Person already exists with id: 11 and name: Ola Nordmann
04.10.2025 21:05:45 : Searching for leads
04.10.2025 21:05:45 : Leads search success
04.10.2025 21:05:45 : Creating new lead
04.10.2025 21:07:19 : 
Intigrating new lead... 

04.10.2025 21:07:19 : Searching for org
04.10.2025 21:07:20 : Org search success
04.10.2025 21:07:20 : Searching for person 
04.10.2025 21:07:20 : Person search Success
04.10.2025 21:07:20 : Org aleardy exist id: 13 and name: Ola Nordmann
04.10.2025 21:07:20 : Person already exists with id: 11 and name: Ola Nordmann
04.10.2025 21:07:20 : Searching for leads
04.10.2025 21:07:21 : Leads search success
04.10.2025 21:07:21 : Lead with same name already exists, no new lead created
04.10.2025 21:07:38 : 
Intigrating new lead... 

04.10.2025 21:07:38 : Searching for org
04.10.2025 21:07:39 : Org search success
04.10.2025 21:07:39 : Searching for person 
04.10.2025 21:07:40 : Person search Success
04.10.2025 21:07:40 : Org aleardy exist id: 13 and name: Ola Nordmann
04.10.2025 21:07:40 : Person already exists with id: 11 and name: Ola Nordmann
04.10.2025 21:07:40 : Searching for leads
04.10.2025 21:07:40 : Leads search success
04.10.2025 21:07:40 : Lead with same name already exists, no new lead created
04.10.2025 21:07:55 : 
Intigrating new lead... 

04.10.2025 21:07:55 : Searching for org
04.10.2025 21:07:56 : Org search success
04.10.2025 21:07:56 : Searching for person 
04.10.2025 21:07:56 : Person search Success
04.10.2025 21:07:56 : Org aleardy exist id: 13 and name: Ola Nordmann
04.10.2025 21:07:56 : Person already exists with id: 11 and name: Ola Nordmann
04.10.2025 21:07:56 : Searching for leads
04.10.2025 21:07:57 : Leads search success
04.10.2025 21:07:57 : Lead with same name already exists, no new lead created
04.10.2025 21:09:33 : 
Intigrating new lead... 

04.10.2025 21:09:33 : Searching for org
04.10.2025 21:09:33 : Org search success
04.10.2025 21:09:33 : Searching for person 
04.10.2025 21:09:34 : Person search Success
04.10.2025 21:09:34 : Org aleardy exist id: 13 and name: Ola Nordmann
04.10.2025 21:09:34 : Person already exists with id: 11 and name: Ola Nordmann
04.10.2025 21:09:34 : Searching for leads
04.10.2025 21:09:34 : Leads search success
04.10.2025 21:09:34 : No preexisting lead found. Creating new lead
04.10.2025 21:09:35 : Lead created with title: Spotprisdeal for: Ola Nordmann, and id: aa2c7de0-a155-11f0-a8e0-d9a10f84bde4
04.10.2025 21:09:36 : Added custom fields
04.10.2025 21:09:36 : {
    "success": true,
    "data": {
        "id": "aa2c7de0-a155-11f0-a8e0-d9a10f84bde4",
        "title": "Spotprisdeal for: Ola Nordmann",
        "owner_id": 24387309,
        "creator_id": 24387309,
        "label_ids": [],
        "person_id": 11,
        "organization_id": 13,
        "source_name": "API",
        "origin": "API",
        "is_archived": false,
        "was_seen": false,
        "add_time": "2025-10-04T19:09:34+00:00",
        "update_time": "2025-10-04T19:09:35+00:00",
        "visible_to": "3",
        "cc_email": "test-sandbox64+14366227+leada2ot89ln4u1eyb0jkr5itp5no@pipedrivemail.com"
    }
}
04.10.2025 21:09:36 : New lead created with id: and title: 
04.10.2025 21:12:04 : 
Intigrating new lead... 

04.10.2025 21:12:04 : Searching for org
04.10.2025 21:12:05 : Org search success
04.10.2025 21:12:05 : Searching for person 
04.10.2025 21:12:05 : Person search Success
04.10.2025 21:12:05 : Org aleardy exist id: 13 and name: Ola Nordmann
04.10.2025 21:12:05 : Person already exists with id: 11 and name: Ola Nordmann
04.10.2025 21:12:05 : Searching for leads
04.10.2025 21:12:06 : Leads search success
04.10.2025 21:12:06 : Lead with same name already exists, no new lead created
04.10.2025 21:12:20 : 
Intigrating new lead... 

04.10.2025 21:12:20 : Searching for org
04.10.2025 21:12:21 : Org search success
04.10.2025 21:12:21 : Searching for person 
04.10.2025 21:12:21 : Person search Success
04.10.2025 21:12:21 : Org aleardy exist id: 13 and name: Ola Nordmann
04.10.2025 21:12:21 : Person already exists with id: 11 and name: Ola Nordmann
04.10.2025 21:12:21 : Searching for leads
04.10.2025 21:12:22 : Leads search success
04.10.2025 21:12:22 : No preexisting lead found. Creating new lead
04.10.2025 21:12:23 : Lead created with title: Spotprisdeal for: Ola Nordmann, and id: 0e03b9f0-a156-11f0-a8e0-d9a10f84bde4
04.10.2025 21:12:23 : Added custom fields
04.10.2025 21:12:23 : {
    "success": true,
    "data": {
        "id": "0e03b9f0-a156-11f0-a8e0-d9a10f84bde4",
        "title": "Spotprisdeal for: Ola Nordmann",
        "owner_id": 24387309,
        "creator_id": 24387309,
        "label_ids": [],
        "person_id": 11,
        "organization_id": 13,
        "source_name": "API",
        "origin": "API",
        "is_archived": false,
        "was_seen": false,
        "add_time": "2025-10-04T19:12:22+00:00",
        "update_time": "2025-10-04T19:12:23+00:00",
        "visible_to": "3",
        "cc_email": "test-sandbox64+14366227+lead0tvaa23dsojmpe8s8wks99omc@pipedrivemail.com"
    }
}
04.10.2025 21:12:23 : New lead created with id: and title: 
04.10.2025 21:13:57 : 
Intigrating new lead... 

04.10.2025 21:13:57 : Searching for org
04.10.2025 21:13:58 : Org search success
04.10.2025 21:13:58 : Searching for person 
04.10.2025 21:13:58 : Person search Success
04.10.2025 21:13:58 : Org aleardy exist id: 13 and name: Ola Nordmann
04.10.2025 21:13:58 : Person already exists with id: 11 and name: Ola Nordmann
04.10.2025 21:13:58 : Searching for leads
04.10.2025 21:13:59 : Leads search success
04.10.2025 21:15:47 : 
Intigrating new lead... 

04.10.2025 21:15:48 : Searching for org
04.10.2025 21:15:48 : Org search success
04.10.2025 21:15:48 : Searching for person 
04.10.2025 21:15:49 : Person search Success
04.10.2025 21:15:49 : Org aleardy exist id: 13 and name: Ola Nordmann
04.10.2025 21:15:49 : Person already exists with id: 11 and name: Ola Nordmann
04.10.2025 21:15:49 : Searching for leads
04.10.2025 21:15:49 : Leads search success
04.10.2025 21:15:49 : Lead with same name already exists, no new lead created
04.10.2025 21:16:03 : 
Intigrating new lead... 

04.10.2025 21:16:03 : Searching for org
04.10.2025 21:16:04 : Org search success
04.10.2025 21:16:04 : Searching for person 
04.10.2025 21:16:04 : Person search Success
04.10.2025 21:16:04 : Org aleardy exist id: 13 and name: Ola Nordmann
04.10.2025 21:16:04 : Person already exists with id: 11 and name: Ola Nordmann
04.10.2025 21:16:04 : Searching for leads
04.10.2025 21:16:05 : Leads search success
04.10.2025 21:16:05 : No preexisting lead found. Creating new lead
04.10.2025 21:16:06 : Lead created with title: Spotprisdeal for: Ola Nordmann, and id: 92fd2b50-a156-11f0-a8e0-d9a10f84bde4
04.10.2025 21:16:06 : Added custom fields
04.10.2025 21:16:06 : {
    "success": true,
    "data": {
        "id": "92fd2b50-a156-11f0-a8e0-d9a10f84bde4",
        "title": "Spotprisdeal for: Ola Nordmann",
        "owner_id": 24387309,
        "creator_id": 24387309,
        "label_ids": [],
        "person_id": 11,
        "organization_id": 13,
        "source_name": "API",
        "origin": "API",
        "is_archived": false,
        "was_seen": false,
        "add_time": "2025-10-04T19:16:05+00:00",
        "update_time": "2025-10-04T19:16:06+00:00",
        "visible_to": "3",
        "cc_email": "test-sandbox64+14366227+lead8p9x8a3uk0cjwskf4kiu28mhw@pipedrivemail.com"
    }
}
04.10.2025 21:16:06 : New lead created with id: and title: 
04.10.2025 21:16:57 : 
Intigrating new lead... 

04.10.2025 21:16:57 : Searching for org
04.10.2025 21:16:58 : Org search success
04.10.2025 21:16:58 : Searching for person 
04.10.2025 21:16:58 : Person search Success
04.10.2025 21:16:58 : Org aleardy exist id: 13 and name: Ola Nordmann
04.10.2025 21:16:58 : Person already exists with id: 11 and name: Ola Nordmann
04.10.2025 21:16:58 : Searching for leads
04.10.2025 21:16:59 : Leads search success
04.10.2025 21:16:59 : No preexisting lead found. Creating new lead
04.10.2025 21:17:00 : Lead created with title: Spotprisdeal for: Ola Nordmann, and id: b331a540-a156-11f0-8351-8b12ca1274ac
04.10.2025 21:17:00 : Added custom fields
04.10.2025 21:17:00 : {
    "success": true,
    "data": {
        "id": "b331a540-a156-11f0-8351-8b12ca1274ac",
        "title": "Spotprisdeal for: Ola Nordmann",
        "owner_id": 24387309,
        "creator_id": 24387309,
        "label_ids": [],
        "person_id": 11,
        "organization_id": 13,
        "source_name": "API",
        "origin": "API",
        "is_archived": false,
        "was_seen": false,
        "add_time": "2025-10-04T19:16:59+00:00",
        "update_time": "2025-10-04T19:17:00+00:00",
        "visible_to": "3",
        "cc_email": "test-sandbox64+14366227+leadalww64vxmo45oo1x5qmk09i98@pipedrivemail.com"
    }
}
04.10.2025 21:17:52 : 
Intigrating new lead... 

04.10.2025 21:17:52 : Searching for org
04.10.2025 21:17:53 : Org search success
04.10.2025 21:17:53 : Searching for person 
04.10.2025 21:17:54 : Person search Success
04.10.2025 21:17:54 : Org aleardy exist id: 13 and name: Ola Nordmann
04.10.2025 21:17:54 : Person already exists with id: 11 and name: Ola Nordmann
04.10.2025 21:17:54 : Searching for leads
04.10.2025 21:17:54 : Leads search success
04.10.2025 21:17:54 : No preexisting lead found. Creating new lead
04.10.2025 21:17:55 : Lead created with title: Spotprisdeal for: Ola Nordmann, and id: d40915f0-a156-11f0-860b-dd29933a7269
04.10.2025 21:17:55 : Added custom fields
04.10.2025 21:17:55 : {
    "success": true,
    "data": {
        "id": "d40915f0-a156-11f0-860b-dd29933a7269",
        "title": "Spotprisdeal for: Ola Nordmann",
        "owner_id": 24387309,
        "creator_id": 24387309,
        "label_ids": [],
        "person_id": 11,
        "organization_id": 13,
        "source_name": "API",
        "origin": "API",
        "is_archived": false,
        "was_seen": false,
        "add_time": "2025-10-04T19:17:54+00:00",
        "update_time": "2025-10-04T19:17:55+00:00",
        "visible_to": "3",
        "cc_email": "test-sandbox64+14366227+leadcjwpfkib8q3ftjtz0stnsy4bt@pipedrivemail.com"
    }
}
04.10.2025 21:18:16 : 
Intigrating new lead... 

04.10.2025 21:18:16 : Searching for org
04.10.2025 21:18:17 : Org search success
04.10.2025 21:18:17 : Searching for person 
04.10.2025 21:18:17 : Person search Success
04.10.2025 21:18:17 : Org aleardy exist id: 13 and name: Ola Nordmann
04.10.2025 21:18:17 : Person already exists with id: 11 and name: Ola Nordmann
04.10.2025 21:18:17 : Searching for leads
04.10.2025 21:18:18 : Leads search success
04.10.2025 21:18:18 : No preexisting lead found. Creating new lead
04.10.2025 21:18:19 : Lead created with title: Spotprisdeal for: Ola Nordmann, and id: e24de320-a156-11f0-a8e0-d9a10f84bde4
04.10.2025 21:18:19 : Added custom fields
04.10.2025 21:18:19 : {
    "success": true,
    "data": {
        "id": "e24de320-a156-11f0-a8e0-d9a10f84bde4",
        "title": "Spotprisdeal for: Ola Nordmann",
        "owner_id": 24387309,
        "creator_id": 24387309,
        "label_ids": [],
        "person_id": 11,
        "organization_id": 13,
        "source_name": "API",
        "origin": "API",
        "is_archived": false,
        "was_seen": false,
        "add_time": "2025-10-04T19:18:18+00:00",
        "update_time": "2025-10-04T19:18:19+00:00",
        "visible_to": "3",
        "cc_email": "test-sandbox64+14366227+leaddebhulbfhl96pl2yxbrb6dbl0@pipedrivemail.com"
    }
}
04.10.2025 21:18:19 : New lead created with id: and title: 
04.10.2025 21:19:07 : 
Intigrating new lead... 

04.10.2025 21:19:07 : Searching for org
04.10.2025 21:19:08 : Org search success
04.10.2025 21:19:08 : Searching for person 
04.10.2025 21:19:09 : Person search Success
04.10.2025 21:19:09 : Org aleardy exist id: 13 and name: Ola Nordmann
04.10.2025 21:19:09 : Person already exists with id: 11 and name: Ola Nordmann
04.10.2025 21:19:09 : Searching for leads
04.10.2025 21:19:09 : Leads search success
04.10.2025 21:19:09 : No preexisting lead found. Creating new lead
04.10.2025 21:19:10 : Lead created with title: Spotprisdeal for: Ola Nordmann, and id: 00b676b0-a157-11f0-860b-dd29933a7269
04.10.2025 21:19:10 : Added custom fields
04.10.2025 21:19:10 : {
    "success": true,
    "data": {
        "id": "00b676b0-a157-11f0-860b-dd29933a7269",
        "title": "Spotprisdeal for: Ola Nordmann",
        "owner_id": 24387309,
        "creator_id": 24387309,
        "label_ids": [],
        "person_id": 11,
        "organization_id": 13,
        "source_name": "API",
        "origin": "API",
        "is_archived": false,
        "was_seen": false,
        "add_time": "2025-10-04T19:19:09+00:00",
        "update_time": "2025-10-04T19:19:10+00:00",
        "visible_to": "3",
        "cc_email": "test-sandbox64+14366227+lead01ioptddj5a6vci7b8a9esg2x@pipedrivemail.com"
    }
}
04.10.2025 21:19:58 : 
Intigrating new lead... 

04.10.2025 21:19:58 : Searching for org
04.10.2025 21:19:58 : Org search success
04.10.2025 21:19:58 : Searching for person 
04.10.2025 21:19:59 : Person search Success
04.10.2025 21:19:59 : Org aleardy exist id: 13 and name: Ola Nordmann
04.10.2025 21:19:59 : Person already exists with id: 11 and name: Ola Nordmann
04.10.2025 21:19:59 : Searching for leads
04.10.2025 21:19:59 : Leads search success
04.10.2025 21:19:59 : No preexisting lead found. Creating new lead
04.10.2025 21:20:00 : Lead created with title: Spotprisdeal for: Ola Nordmann, and id: 1ea34a90-a157-11f0-a8e0-d9a10f84bde4
04.10.2025 21:20:00 : Added custom fields
04.10.2025 21:20:00 : {
    "success": true,
    "data": {
        "id": "1ea34a90-a157-11f0-a8e0-d9a10f84bde4",
        "title": "Spotprisdeal for: Ola Nordmann",
        "owner_id": 24387309,
        "creator_id": 24387309,
        "label_ids": [],
        "person_id": 11,
        "organization_id": 13,
        "source_name": "API",
        "origin": "API",
        "is_archived": false,
        "was_seen": false,
        "add_time": "2025-10-04T19:19:59+00:00",
        "update_time": "2025-10-04T19:20:00+00:00",
        "visible_to": "3",
        "cc_email": "test-sandbox64+14366227+lead1taqapuuu7kma9krwx4c24mp0@pipedrivemail.com"
    }
}
04.10.2025 21:20:23 : 
Intigrating new lead... 

04.10.2025 21:20:23 : Searching for org
04.10.2025 21:20:23 : Org search success
04.10.2025 21:20:23 : Searching for person 
04.10.2025 21:20:24 : Person search Success
04.10.2025 21:20:24 : Org aleardy exist id: 13 and name: Ola Nordmann
04.10.2025 21:20:24 : Person already exists with id: 11 and name: Ola Nordmann
04.10.2025 21:20:24 : Searching for leads
04.10.2025 21:20:24 : Leads search success
04.10.2025 21:20:24 : No preexisting lead found. Creating new lead
04.10.2025 21:20:25 : Lead created with title: Spotprisdeal for: Ola Nordmann, and id: 2d88c490-a157-11f0-a8e0-d9a10f84bde4
04.10.2025 21:20:25 : Added custom fields
04.10.2025 21:20:25 : {
    "success": true,
    "data": {
        "id": "2d88c490-a157-11f0-a8e0-d9a10f84bde4",
        "title": "Spotprisdeal for: Ola Nordmann",
        "owner_id": 24387309,
        "creator_id": 24387309,
        "label_ids": [],
        "person_id": 11,
        "organization_id": 13,
        "source_name": "API",
        "origin": "API",
        "is_archived": false,
        "was_seen": false,
        "add_time": "2025-10-04T19:20:24+00:00",
        "update_time": "2025-10-04T19:20:25+00:00",
        "visible_to": "3",
        "cc_email": "test-sandbox64+14366227+lead2p1oca3on7jkogpsmigbm64f8@pipedrivemail.com"
    }
}
04.10.2025 21:20:45 : 
Intigrating new lead... 

04.10.2025 21:20:45 : Searching for org
04.10.2025 21:20:46 : Org search success
04.10.2025 21:20:46 : Searching for person 
04.10.2025 21:20:46 : Person search Success
04.10.2025 21:20:46 : Org aleardy exist id: 13 and name: Ola Nordmann
04.10.2025 21:20:46 : Person already exists with id: 11 and name: Ola Nordmann
04.10.2025 21:20:46 : Searching for leads
04.10.2025 21:20:47 : Leads search success
04.10.2025 21:20:47 : No preexisting lead found. Creating new lead
04.10.2025 21:20:47 : Lead created with title: Spotprisdeal for: Ola Nordmann, and id: 3af692b0-a157-11f0-860b-dd29933a7269
04.10.2025 21:20:48 : Added custom fields
04.10.2025 21:20:48 : {
    "success": true,
    "data": {
        "id": "3af692b0-a157-11f0-860b-dd29933a7269",
        "title": "Spotprisdeal for: Ola Nordmann",
        "owner_id": 24387309,
        "creator_id": 24387309,
        "label_ids": [],
        "person_id": 11,
        "organization_id": 13,
        "source_name": "API",
        "origin": "API",
        "is_archived": false,
        "was_seen": false,
        "add_time": "2025-10-04T19:20:47+00:00",
        "update_time": "2025-10-04T19:20:47+00:00",
        "visible_to": "3",
        "cc_email": "test-sandbox64+14366227+lead3ho10wizth5jwm4gjmgxy90tl@pipedrivemail.com"
    }
}
04.10.2025 21:20:48 : New lead created with id: 3af692b0-a157-11f0-860b-dd29933a7269and title: Spotprisdeal for: Ola Nordmann
04.10.2025 21:21:17 : 
Intigrating new lead... 

04.10.2025 21:21:17 : Searching for org
04.10.2025 21:21:17 : Org search success
04.10.2025 21:21:17 : Searching for person 
04.10.2025 21:21:18 : Person search Success
04.10.2025 21:21:18 : Org aleardy exist id: 13 and name: Ola Nordmann
04.10.2025 21:21:18 : Person already exists with id: 11 and name: Ola Nordmann
04.10.2025 21:21:18 : Searching for leads
04.10.2025 21:21:18 : Leads search success
04.10.2025 21:21:18 : Lead with same name already exists, no new lead created
04.10.2025 21:21:45 : 
Intigrating new lead... 

04.10.2025 21:21:45 : Searching for org
04.10.2025 21:21:46 : Org search success
04.10.2025 21:21:46 : Searching for person 
04.10.2025 21:21:46 : Person search Success
04.10.2025 21:21:46 : Org aleardy exist id: 13 and name: Ola Nordmann
04.10.2025 21:21:46 : No preexisting person found. Creating new person
04.10.2025 21:21:47 : Person added to drive 
{
    "success": true,
    "data": {
        "id": 12,
        "name": "Ola Nordmann",
        "first_name": "Ola",
        "last_name": "Nordmann",
        "owner_id": 24387309,
        "org_id": 13,
        "add_time": "2025-10-04T19:21:46Z",
        "emails": [
            {
                "value": "ola.nordmannn@online.no",
                "primary": true,
                "label": "work"
            }
        ],
        "phones": [
            {
                "value": "12345678",
                "primary": true,
                "label": "work"
            }
        ],
        "is_deleted": false,
        "visible_to": 3,
        "label_ids": [],
        "custom_fields": {
            "81a18685b17819a82388373aed2bf64188a4df5b": [
                38
            ]
        }
    }
}

04.10.2025 21:21:47 : New person created with id: 12 and name: 12
04.10.2025 21:21:47 : Searching for leads
04.10.2025 21:21:47 : Leads search success
04.10.2025 21:21:47 : Lead with same name already exists, no new lead created
04.10.2025 21:23:37 : 
Intigrating new lead... 

04.10.2025 21:23:37 : Searching for org
04.10.2025 21:23:38 : Org search success
04.10.2025 21:23:38 : Searching for person 
04.10.2025 21:23:39 : Person search Success
04.10.2025 21:23:39 : Org aleardy exist id: 13 and name: Ola Nordmann
04.10.2025 21:23:39 : No preexisting person found. Creating new person
04.10.2025 21:23:39 : Person added to drive 
{
    "success": true,
    "data": {
        "id": 13,
        "name": "Ola Nordmann",
        "first_name": "Ola",
        "last_name": "Nordmann",
        "owner_id": 24387309,
        "org_id": 13,
        "add_time": "2025-10-04T19:23:39Z",
        "emails": [
            {
                "value": "ola.nordmannn@online.no",
                "primary": true,
                "label": "work"
            }
        ],
        "phones": [
            {
                "value": "12345678",
                "primary": true,
                "label": "work"
            }
        ],
        "is_deleted": false,
        "visible_to": 3,
        "label_ids": [],
        "custom_fields": {
            "81a18685b17819a82388373aed2bf64188a4df5b": [
                38
            ]
        }
    }
}

04.10.2025 21:23:39 : New person created with id: 13 and name: 13
04.10.2025 21:23:39 : Searching for leads
04.10.2025 21:23:40 : Leads search success
04.10.2025 21:23:40 : Lead with same name already exists, no new lead created
04.10.2025 21:25:50 : 
Intigrating new lead... 

04.10.2025 21:25:50 : Searching for org
04.10.2025 21:25:50 : Org search success
04.10.2025 21:25:50 : Searching for person 
04.10.2025 21:25:51 : Person search Success
04.10.2025 21:25:51 : Org aleardy exist id: 13 and name: Ola Nordmann
04.10.2025 21:25:51 : No preexisting person found. Creating new person
04.10.2025 21:25:51 : Person added to drive 
{
    "success": true,
    "data": {
        "id": 14,
        "name": "Ola Nordmann",
        "first_name": "Ola",
        "last_name": "Nordmann",
        "owner_id": 24387309,
        "org_id": 13,
        "add_time": "2025-10-04T19:25:51Z",
        "emails": [
            {
                "value": "ola.nordmannn@online.no",
                "primary": true,
                "label": "work"
            }
        ],
        "phones": [
            {
                "value": "12345678",
                "primary": true,
                "label": "work"
            }
        ],
        "is_deleted": false,
        "visible_to": 3,
        "label_ids": [],
        "custom_fields": {
            "81a18685b17819a82388373aed2bf64188a4df5b": [
                38
            ]
        }
    }
}

04.10.2025 21:25:51 : New person created with id: 14 and name: 14
04.10.2025 21:25:51 : Searching for leads
04.10.2025 21:25:52 : Leads search success
04.10.2025 21:25:52 : Lead with same name already exists, no new lead created
04.10.2025 21:26:18 : 
Intigrating new lead... 

04.10.2025 21:26:18 : Searching for org
04.10.2025 21:26:18 : Org search success
04.10.2025 21:26:18 : Searching for person 
04.10.2025 21:26:19 : Person search Success
04.10.2025 21:26:19 : Org aleardy exist id: 13 and name: Ola Nordmann
04.10.2025 21:26:19 : No preexisting person found. Creating new person
04.10.2025 21:26:19 : Person added to drive 
{
    "success": true,
    "data": {
        "id": 15,
        "name": "Ola Nordmann",
        "first_name": "Ola",
        "last_name": "Nordmann",
        "owner_id": 24387309,
        "org_id": 13,
        "add_time": "2025-10-04T19:26:19Z",
        "emails": [
            {
                "value": "ola.nordmannn@online.no",
                "primary": true,
                "label": "work"
            }
        ],
        "phones": [
            {
                "value": "12345678",
                "primary": true,
                "label": "work"
            }
        ],
        "is_deleted": false,
        "visible_to": 3,
        "label_ids": [],
        "custom_fields": {
            "81a18685b17819a82388373aed2bf64188a4df5b": [
                38
            ]
        }
    }
}

04.10.2025 21:26:19 : New person created with id: 15 and name: 15
04.10.2025 21:26:19 : Searching for leads
04.10.2025 21:26:20 : Leads search success
04.10.2025 21:26:20 : Lead with same name already exists, no new lead created
04.10.2025 21:26:21 : Added person to lead
04.10.2025 21:26:21 : {
    "success": true,
    "data": {
        "id": "3af692b0-a157-11f0-860b-dd29933a7269",
        "title": "Spotprisdeal for: Ola Nordmann",
        "owner_id": 24387309,
        "creator_id": 24387309,
        "label_ids": [],
        "person_id": 15,
        "organization_id": 13,
        "source_name": "API",
        "origin": "API",
        "is_archived": false,
        "was_seen": true,
        "add_time": "2025-10-04T19:20:47+00:00",
        "update_time": "2025-10-04T19:26:20+00:00",
        "visible_to": "3",
        "cc_email": "test-sandbox64+14366227+lead3ho10wizth5jwm4gjmgxy90tl@pipedrivemail.com"
    }
}
04.10.2025 21:27:14 : 
Intigrating new lead... 

04.10.2025 21:27:14 : Searching for org
04.10.2025 21:27:15 : Org search success
04.10.2025 21:27:15 : Searching for person 
04.10.2025 21:27:15 : Person search Success
04.10.2025 21:27:15 : No preexisting organization found based on Leads name. Creating new org
04.10.2025 21:27:16 : Org added to drive 
{
    "success": true,
    "data": {
        "id": 14,
        "name": "Ola Nordmann",
        "owner_id": 24387309,
        "add_time": "2025-10-04T19:27:15Z",
        "is_deleted": false,
        "visible_to": 3,
        "label_ids": []
    }
} 

04.10.2025 21:27:16 : New org created wtih ID: 14 and name: Ola Nordmann
04.10.2025 21:27:16 : Person already exists with id: 15 and name: Ola Nordmann
04.10.2025 21:27:17 : New org added to person: {
    "success": true,
    "data": {
        "id": 15,
        "name": "Ola Nordmann",
        "first_name": "Ola",
        "last_name": "Nordmann",
        "owner_id": 24387309,
        "org_id": 14,
        "add_time": "2025-10-04T19:26:19Z",
        "update_time": "2025-10-04T19:27:16Z",
        "emails": [
            {
                "value": "ola.nordmannn@online.no",
                "primary": true,
                "label": "work"
            }
        ],
        "phones": [
            {
                "value": "12345678",
                "primary": true,
                "label": "work"
            }
        ],
        "is_deleted": false,
        "visible_to": 3,
        "label_ids": [],
        "custom_fields": {
            "81a18685b17819a82388373aed2bf64188a4df5b": [
                38
            ]
        }
    }
}
04.10.2025 21:27:17 : Searching for leads
04.10.2025 21:27:17 : Leads search success
04.10.2025 21:27:17 : Lead with same name already exists, no new lead created
04.10.2025 21:27:18 : Added org to lead
04.10.2025 21:27:18 : {
    "success": true,
    "data": {
        "id": "3af692b0-a157-11f0-860b-dd29933a7269",
        "title": "Spotprisdeal for: Ola Nordmann",
        "owner_id": 24387309,
        "creator_id": 24387309,
        "label_ids": [],
        "person_id": 15,
        "organization_id": 14,
        "source_name": "API",
        "origin": "API",
        "is_archived": false,
        "was_seen": true,
        "add_time": "2025-10-04T19:20:47+00:00",
        "update_time": "2025-10-04T19:27:17+00:00",
        "visible_to": "3",
        "cc_email": "test-sandbox64+14366227+lead3ho10wizth5jwm4gjmgxy90tl@pipedrivemail.com"
    }
}
04.10.2025 21:28:17 : 
Intigrating new lead... 

04.10.2025 21:28:17 : Searching for org
04.10.2025 21:28:18 : Org search success
04.10.2025 21:28:18 : Searching for person 
04.10.2025 21:28:18 : Person search Success
04.10.2025 21:28:18 : No preexisting organization found based on Leads name. Creating new org
04.10.2025 21:28:19 : Org added to drive 
{
    "success": true,
    "data": {
        "id": 15,
        "name": "Ola Nordmann",
        "owner_id": 24387309,
        "add_time": "2025-10-04T19:28:18Z",
        "is_deleted": false,
        "visible_to": 3,
        "label_ids": []
    }
} 

04.10.2025 21:28:19 : New org created wtih ID: 15 and name: Ola Nordmann
04.10.2025 21:28:19 : Person already exists with id: 15 and name: Ola Nordmann
04.10.2025 21:28:19 : New org added to person: {
    "success": true,
    "data": {
        "id": 15,
        "name": "Ola Nordmann",
        "first_name": "Ola",
        "last_name": "Nordmann",
        "owner_id": 24387309,
        "org_id": 15,
        "add_time": "2025-10-04T19:26:19Z",
        "update_time": "2025-10-04T19:28:19Z",
        "emails": [
            {
                "value": "ola.nordmannn@online.no",
                "primary": true,
                "label": "work"
            }
        ],
        "phones": [
            {
                "value": "12345678",
                "primary": true,
                "label": "work"
            }
        ],
        "is_deleted": false,
        "visible_to": 3,
        "label_ids": [],
        "custom_fields": {
            "81a18685b17819a82388373aed2bf64188a4df5b": [
                38
            ]
        }
    }
}
04.10.2025 21:28:19 : Searching for leads
04.10.2025 21:28:20 : Leads search success
04.10.2025 21:28:20 : Lead with same name already exists, no new lead created
04.10.2025 21:28:20 : Added org to lead
04.10.2025 21:28:20 : {
    "success": true,
    "data": {
        "id": "3af692b0-a157-11f0-860b-dd29933a7269",
        "title": "Spotprisdeal for: Ola Nordmann",
        "owner_id": 24387309,
        "creator_id": 24387309,
        "label_ids": [],
        "person_id": 15,
        "organization_id": 15,
        "source_name": "API",
        "origin": "API",
        "is_archived": false,
        "was_seen": true,
        "add_time": "2025-10-04T19:20:47+00:00",
        "update_time": "2025-10-04T19:28:20+00:00",
        "visible_to": "3",
        "cc_email": "test-sandbox64+14366227+lead3ho10wizth5jwm4gjmgxy90tl@pipedrivemail.com"
    }
}
04.10.2025 21:30:34 : 
Intigrating new lead... 

04.10.2025 21:30:34 : Searching for org
04.10.2025 21:30:35 : Org search success
04.10.2025 21:30:35 : Searching for person 
04.10.2025 21:30:36 : Person search Success
04.10.2025 21:30:36 : Org aleardy exist id: 15 and name: Ola Nordmann
04.10.2025 21:30:36 : Person already exists with id: 15 and name: Ola Nordmann
04.10.2025 21:30:36 : Searching for leads
04.10.2025 21:30:36 : Leads search success
04.10.2025 21:30:36 : No preexisting lead found. Creating new lead
04.10.2025 21:30:37 : Lead created with title: Spotprisdeal for: Ola Nordmann, and id: 9a3ae3b0-a158-11f0-8351-8b12ca1274ac
04.10.2025 21:30:37 : Added custom fields
04.10.2025 21:30:37 : {
    "success": true,
    "data": {
        "id": "9a3ae3b0-a158-11f0-8351-8b12ca1274ac",
        "title": "Spotprisdeal for: Ola Nordmann",
        "owner_id": 24387309,
        "creator_id": 24387309,
        "label_ids": [],
        "person_id": 15,
        "organization_id": 15,
        "source_name": "API",
        "origin": "API",
        "is_archived": false,
        "was_seen": false,
        "add_time": "2025-10-04T19:30:36+00:00",
        "update_time": "2025-10-04T19:30:37+00:00",
        "visible_to": "3",
        "cc_email": "test-sandbox64+14366227+lead94pi7eqec3hsk7m1ozu9oz2r0@pipedrivemail.com"
    }
}
04.10.2025 21:30:37 : New lead created with id: 9a3ae3b0-a158-11f0-8351-8b12ca1274acand title: Spotprisdeal for: Ola Nordmann
04.10.2025 21:37:17 : 
Intigrating new lead... 

04.10.2025 21:37:18 : Searching for org
04.10.2025 21:37:18 : Org search success
04.10.2025 21:37:18 : Searching for person 
04.10.2025 21:37:19 : Person search Success
04.10.2025 21:37:19 : Org aleardy exist id: 40 and name: Ola Nordmann
04.10.2025 21:37:19 : Person already exists with id: 11 and name: Ola Nordmann
04.10.2025 21:37:19 : Searching for leads
04.10.2025 21:37:19 : Leads search success
04.10.2025 21:37:19 : Lead with same name already exists, no new lead created
04.10.2025 21:38:54 : 
Intigrating new lead... 

04.10.2025 21:38:54 : Searching for org
04.10.2025 21:38:54 : Org search success
04.10.2025 21:38:54 : Searching for person 
04.10.2025 21:38:55 : Person search Success
04.10.2025 21:38:55 : No preexisting organization found based on Leads name. Creating new org
04.10.2025 21:38:55 : Org added to drive 
{
    "success": true,
    "data": {
        "id": 105,
        "name": "Kong Harald",
        "owner_id": 24310826,
        "add_time": "2025-10-04T19:38:55Z",
        "is_deleted": false,
        "visible_to": 3,
        "label_ids": []
    }
} 

04.10.2025 21:38:56 : New org created wtih ID: 105 and name: Kong Harald
04.10.2025 21:38:56 : No preexisting person found. Creating new person
04.10.2025 21:38:56 : Person added to drive 
{
    "success": true,
    "data": {
        "id": 84,
        "name": "Kong Harald",
        "first_name": "Kong",
        "last_name": "Harald",
        "owner_id": 24310826,
        "org_id": 105,
        "add_time": "2025-10-04T19:38:55Z",
        "emails": [
            {
                "value": "ola.nordmannn@online.no",
                "primary": true,
                "label": "work"
            }
        ],
        "phones": [
            {
                "value": "12345678",
                "primary": true,
                "label": "work"
            }
        ],
        "is_deleted": false,
        "visible_to": 3,
        "label_ids": [],
        "custom_fields": {
            "c0b071d74d13386af76f5681194fd8cd793e6020": [
                27
            ]
        }
    }
}

04.10.2025 21:38:56 : New person created with id: 84 and name: 84
04.10.2025 21:38:56 : Searching for leads
04.10.2025 21:38:57 : Leads search success
04.10.2025 21:38:57 : No preexisting lead found. Creating new lead
04.10.2025 21:38:57 : Lead created with title: Spotprisdeal for: Kong Harald, and id: c4872d80-a159-11f0-860b-dd29933a7269
04.10.2025 21:38:58 : Added custom fields
04.10.2025 21:38:58 : {
    "success": true,
    "data": {
        "id": "c4872d80-a159-11f0-860b-dd29933a7269",
        "title": "Spotprisdeal for: Kong Harald",
        "owner_id": 24310826,
        "creator_id": 24310826,
        "label_ids": [],
        "person_id": 84,
        "organization_id": 105,
        "source_name": "API",
        "origin": "API",
        "is_archived": false,
        "was_seen": false,
        "add_time": "2025-10-04T19:38:56+00:00",
        "update_time": "2025-10-04T19:38:57+00:00",
        "visible_to": "3",
        "cc_email": "nettbureaucase+14336439+leadbmuvjtepfxk83w6sit0qolp49@pipedrivemail.com"
    }
}
04.10.2025 21:38:58 : New lead created with id: c4872d80-a159-11f0-860b-dd29933a7269and title: Spotprisdeal for: Kong Harald
04.10.2025 21:55:05 : 
Intigrating new lead... 

04.10.2025 21:55:05 : Searching for org
04.10.2025 21:55:06 : Org search success
04.10.2025 21:55:06 : Searching for person 
04.10.2025 21:55:06 : Person search Success
04.10.2025 21:55:06 : Org aleardy exist id: 105 and name: Kong Harald
04.10.2025 21:55:06 : Person already exists with id: 84 and name: Kong Harald
04.10.2025 21:55:06 : Searching for leads
04.10.2025 21:55:07 : Leads search success
04.10.2025 21:55:07 : Lead with same name already exists, no new lead created
04.10.2025 21:58:11 : 
Intigrating new lead... 

04.10.2025 21:58:11 : Searching for org
04.10.2025 21:58:12 : Org search success
04.10.2025 21:58:12 : Searching for person 
04.10.2025 21:58:12 : Person search Success
04.10.2025 21:58:12 : Org aleardy exist id: 105 and name: Kong Harald
04.10.2025 21:58:12 : Person already exists with id: 84 and name: Kong Harald
04.10.2025 21:58:12 : Searching for leads
04.10.2025 21:58:13 : Leads search success
04.10.2025 21:58:13 : Lead with same name already exists, no new lead created
05.10.2025 14:33:54 : Person added to drive 
{
    "success": true,
    "data": {
        "id": 85,
        "name": "James Bond",
        "first_name": "James",
        "last_name": "Bond",
        "owner_id": 24310826,
        "org_id": 105,
        "add_time": "2025-10-05T12:33:53Z",
        "emails": [
            {
                "value": "ola.nordmannn@online.no",
                "primary": true,
                "label": "work"
            }
        ],
        "phones": [
            {
                "value": "12345678",
                "primary": true,
                "label": "work"
            }
        ],
        "is_deleted": false,
        "visible_to": 3,
        "label_ids": [],
        "custom_fields": {
            "c0b071d74d13386af76f5681194fd8cd793e6020": [
                29
            ]
        }
    }
}

05.10.2025 14:34:56 : 
Intigrating new lead... 

05.10.2025 14:34:56 : Searching for org
05.10.2025 14:34:57 : Org search success
05.10.2025 14:34:57 : Searching for person 
05.10.2025 14:34:57 : Person search Success
05.10.2025 14:34:57 : No preexisting organization found based on Leads name. Creating new org
05.10.2025 14:34:58 : Org added to drive 
{
    "success": true,
    "data": {
        "id": 106,
        "name": "James Bond",
        "owner_id": 24310826,
        "add_time": "2025-10-05T12:34:57Z",
        "is_deleted": false,
        "visible_to": 3,
        "label_ids": []
    }
} 

05.10.2025 14:34:58 : New org created wtih ID: 106 and name: James Bond
05.10.2025 14:34:58 : Person already exists with id: 85 and name: James Bond
05.10.2025 14:34:58 : New org added to person: {
    "success": true,
    "data": {
        "id": 85,
        "name": "James Bond",
        "first_name": "James",
        "last_name": "Bond",
        "owner_id": 24310826,
        "org_id": 106,
        "add_time": "2025-10-05T12:33:53Z",
        "update_time": "2025-10-05T12:34:58Z",
        "emails": [
            {
                "value": "ola.nordmannn@online.no",
                "primary": true,
                "label": "work"
            }
        ],
        "phones": [
            {
                "value": "12345678",
                "primary": true,
                "label": "work"
            }
        ],
        "is_deleted": false,
        "visible_to": 3,
        "label_ids": [],
        "custom_fields": {
            "c0b071d74d13386af76f5681194fd8cd793e6020": [
                29
            ]
        }
    }
}
05.10.2025 14:34:58 : Searching for leads
05.10.2025 14:34:59 : Leads search success
05.10.2025 14:34:59 : No preexisting lead found. Creating new lead
05.10.2025 14:35:00 : Lead created with title: Fastprisdeal for: James Bond, and id: b4fef350-a1e7-11f0-860b-dd29933a7269
05.10.2025 14:35:00 : Added custom fields
05.10.2025 14:35:00 : {
    "success": true,
    "data": {
        "id": "b4fef350-a1e7-11f0-860b-dd29933a7269",
        "title": "Fastprisdeal for: James Bond",
        "owner_id": 24310826,
        "creator_id": 24310826,
        "label_ids": [],
        "person_id": 85,
        "organization_id": 106,
        "source_name": "API",
        "origin": "API",
        "is_archived": false,
        "was_seen": false,
        "add_time": "2025-10-05T12:34:59+00:00",
        "update_time": "2025-10-05T12:35:00+00:00",
        "visible_to": "3",
        "cc_email": "nettbureaucase+14336439+leadapr5hgnyn2wx7uvt1tv9h2j55@pipedrivemail.com"
    }
}
05.10.2025 14:35:00 : New lead created with id: b4fef350-a1e7-11f0-860b-dd29933a7269and title: Fastprisdeal for: James Bond
05.10.2025 14:37:39 : Org added to drive 
{
    "success": true,
    "data": {
        "id": 107,
        "name": "Ole Brum",
        "owner_id": 24310826,
        "add_time": "2025-10-05T12:37:39Z",
        "is_deleted": false,
        "visible_to": 3,
        "label_ids": []
    }
} 

05.10.2025 14:37:58 : Org added to drive 
{
    "success": true,
    "data": {
        "id": 108,
        "name": "Ole Brum",
        "owner_id": 24310826,
        "add_time": "2025-10-05T12:37:57Z",
        "is_deleted": false,
        "visible_to": 3,
        "label_ids": []
    }
} 

05.10.2025 14:38:10 : 
Intigrating new lead... 

05.10.2025 14:38:10 : Searching for org
05.10.2025 14:38:11 : Org search success
05.10.2025 14:38:11 : Searching for person 
05.10.2025 14:38:11 : Person search Success
05.10.2025 14:38:11 : Org aleardy exist id: 108 and name: Ole Brum
05.10.2025 14:38:11 : No preexisting person found. Creating new person
05.10.2025 14:38:12 : Person added to drive 
{
    "success": true,
    "data": {
        "id": 86,
        "name": "Ole Brum",
        "first_name": "Ole",
        "last_name": "Brum",
        "owner_id": 24310826,
        "org_id": 108,
        "add_time": "2025-10-05T12:38:11Z",
        "emails": [
            {
                "value": "ola.nordmannn@online.no",
                "primary": true,
                "label": "work"
            }
        ],
        "phones": [
            {
                "value": "12345678",
                "primary": true,
                "label": "work"
            }
        ],
        "is_deleted": false,
        "visible_to": 3,
        "label_ids": [],
        "custom_fields": {
            "c0b071d74d13386af76f5681194fd8cd793e6020": [
                29
            ]
        }
    }
}

05.10.2025 14:38:12 : New person created with id: 86 and name: 86
05.10.2025 14:38:12 : Searching for leads
05.10.2025 14:38:12 : Leads search success
05.10.2025 14:38:12 : No preexisting lead found. Creating new lead
05.10.2025 14:38:13 : Lead created with title: Fastprisdeal for: Ole Brum, and id: 2829fb90-a1e8-11f0-8351-8b12ca1274ac
05.10.2025 14:38:14 : Added custom fields
05.10.2025 14:38:14 : {
    "success": true,
    "data": {
        "id": "2829fb90-a1e8-11f0-8351-8b12ca1274ac",
        "title": "Fastprisdeal for: Ole Brum",
        "owner_id": 24310826,
        "creator_id": 24310826,
        "label_ids": [],
        "person_id": 86,
        "organization_id": 108,
        "source_name": "API",
        "origin": "API",
        "is_archived": false,
        "was_seen": false,
        "add_time": "2025-10-05T12:38:12+00:00",
        "update_time": "2025-10-05T12:38:13+00:00",
        "visible_to": "3",
        "cc_email": "nettbureaucase+14336439+lead2dlmwhxf4bd0qcl5l74ag706k@pipedrivemail.com"
    }
}
05.10.2025 14:38:14 : New lead created with id: 2829fb90-a1e8-11f0-8351-8b12ca1274acand title: Fastprisdeal for: Ole Brum
05.10.2025 15:16:59 : Running all date preexists test:
05.10.2025 15:16:59 : 
Intigrating new lead... 

05.10.2025 15:16:59 : Searching for org
05.10.2025 15:17:00 : Searching for person 
05.10.2025 15:17:00 : No preexisting organization found based on Leads name. Creating new org
05.10.2025 15:17:01 : Error org not ceated
05.10.2025 15:17:01 : No preexisting person found. Creating new person
05.10.2025 15:17:01 : Error person not ceated
05.10.2025 15:17:01 : Searching for leads
05.10.2025 15:17:02 : No preexisting lead found. Creating new lead
05.10.2025 15:17:02 : Creating new lead failed
05.10.2025 15:18:09 : Running all date preexists test:
05.10.2025 15:18:09 : 
Intigrating new lead... 

05.10.2025 15:18:09 : Searching for org
05.10.2025 15:18:10 : Org search success
05.10.2025 15:18:10 : Searching for person 
05.10.2025 15:18:10 : Person search Success
05.10.2025 15:18:10 : Org aleardy exist id: 103 and name: Ola Nordmann
05.10.2025 15:18:10 : Person already exists with id: 83 and name: Ola Nordmann
05.10.2025 15:18:10 : Searching for leads
05.10.2025 15:18:11 : Leads search success
05.10.2025 15:18:11 : Lead with same name already exists, no new lead created
05.10.2025 15:19:29 : Running all new data test:
05.10.2025 15:19:29 : 
Intigrating new lead... 

05.10.2025 15:19:29 : Searching for org
05.10.2025 15:19:30 : Org search success
05.10.2025 15:19:30 : Searching for person 
05.10.2025 15:19:30 : Person search Success
05.10.2025 15:19:30 : No preexisting organization found based on Leads name. Creating new org
05.10.2025 15:19:31 : Org added to drive 
{
    "success": true,
    "data": {
        "id": 109,
        "name": "Gandalf Den hvite",
        "owner_id": 24310826,
        "add_time": "2025-10-05T13:19:30Z",
        "is_deleted": false,
        "visible_to": 3,
        "label_ids": []
    }
} 

05.10.2025 15:19:31 : New org created wtih ID: 109 and name: Gandalf Den hvite
05.10.2025 15:19:31 : No preexisting person found. Creating new person
05.10.2025 15:19:31 : Person added to drive 
{
    "success": true,
    "data": {
        "id": 87,
        "name": "Gandalf Den hvite",
        "first_name": "Gandalf Den",
        "last_name": "hvite",
        "owner_id": 24310826,
        "org_id": 109,
        "add_time": "2025-10-05T13:19:30Z",
        "emails": [
            {
                "value": "ola.nordmannn@online.no",
                "primary": true,
                "label": "work"
            }
        ],
        "phones": [
            {
                "value": "12345678",
                "primary": true,
                "label": "work"
            }
        ],
        "is_deleted": false,
        "visible_to": 3,
        "label_ids": [],
        "custom_fields": {
            "c0b071d74d13386af76f5681194fd8cd793e6020": [
                27
            ]
        }
    }
}

05.10.2025 15:19:31 : New person created with id: 87 and name: Gandalf Den hvite
05.10.2025 15:19:31 : Searching for leads
05.10.2025 15:19:32 : Leads search success
05.10.2025 15:19:32 : No preexisting lead found. Creating new lead
05.10.2025 15:19:32 : Lead created with title: Spotprisdeal for: Gandalf Den hvite, and id: ede40470-a1ed-11f0-860b-dd29933a7269
05.10.2025 15:19:33 : Added custom fields
05.10.2025 15:19:33 : {
    "success": true,
    "data": {
        "id": "ede40470-a1ed-11f0-860b-dd29933a7269",
        "title": "Spotprisdeal for: Gandalf Den hvite",
        "owner_id": 24310826,
        "creator_id": 24310826,
        "label_ids": [],
        "person_id": 87,
        "organization_id": 109,
        "source_name": "API",
        "origin": "API",
        "is_archived": false,
        "was_seen": false,
        "add_time": "2025-10-05T13:19:31+00:00",
        "update_time": "2025-10-05T13:19:32+00:00",
        "visible_to": "3",
        "cc_email": "nettbureaucase+14336439+leade30hbuq98uux5usrcf75iniax@pipedrivemail.com"
    }
}
05.10.2025 15:19:33 : New lead created with id: ede40470-a1ed-11f0-860b-dd29933a7269and title: Spotprisdeal for: Gandalf Den hvite
05.10.2025 15:22:02 : Runnin pre existing org test:
05.10.2025 15:22:02 : Org added to drive 
{
    "success": true,
    "data": {
        "id": 110,
        "name": "Luke Skyewalker",
        "owner_id": 24310826,
        "add_time": "2025-10-05T13:22:02Z",
        "is_deleted": false,
        "visible_to": 3,
        "label_ids": []
    }
} 

05.10.2025 15:22:02 : 
Intigrating new lead... 

05.10.2025 15:22:02 : Searching for org
05.10.2025 15:22:03 : Org search success
05.10.2025 15:22:03 : Searching for person 
05.10.2025 15:22:03 : Person search Success
05.10.2025 15:22:03 : No preexisting organization found based on Leads name. Creating new org
05.10.2025 15:22:04 : Org added to drive 
{
    "success": true,
    "data": {
        "id": 111,
        "name": "Luke Skyewalker",
        "owner_id": 24310826,
        "add_time": "2025-10-05T13:22:03Z",
        "is_deleted": false,
        "visible_to": 3,
        "label_ids": []
    }
} 

05.10.2025 15:22:04 : New org created wtih ID: 111 and name: Luke Skyewalker
05.10.2025 15:22:04 : No preexisting person found. Creating new person
05.10.2025 15:22:04 : Person added to drive 
{
    "success": true,
    "data": {
        "id": 88,
        "name": "Luke Skyewalker",
        "first_name": "Luke",
        "last_name": "Skyewalker",
        "owner_id": 24310826,
        "org_id": 111,
        "add_time": "2025-10-05T13:22:04Z",
        "emails": [
            {
                "value": "ola.nordmannn@online.no",
                "primary": true,
                "label": "work"
            }
        ],
        "phones": [
            {
                "value": "12345678",
                "primary": true,
                "label": "work"
            }
        ],
        "is_deleted": false,
        "visible_to": 3,
        "label_ids": [],
        "custom_fields": {
            "c0b071d74d13386af76f5681194fd8cd793e6020": [
                29
            ]
        }
    }
}

05.10.2025 15:22:04 : New person created with id: 88 and name: Luke Skyewalker
05.10.2025 15:22:04 : Searching for leads
05.10.2025 15:22:05 : Leads search success
05.10.2025 15:22:05 : No preexisting lead found. Creating new lead
05.10.2025 15:22:05 : Lead created with title: Fastprisdeal for: Luke Skyewalker, and id: 493035b0-a1ee-11f0-a8e0-d9a10f84bde4
05.10.2025 15:22:06 : Added custom fields
05.10.2025 15:22:06 : {
    "success": true,
    "data": {
        "id": "493035b0-a1ee-11f0-a8e0-d9a10f84bde4",
        "title": "Fastprisdeal for: Luke Skyewalker",
        "owner_id": 24310826,
        "creator_id": 24310826,
        "label_ids": [],
        "person_id": 88,
        "organization_id": 111,
        "source_name": "API",
        "origin": "API",
        "is_archived": false,
        "was_seen": false,
        "add_time": "2025-10-05T13:22:05+00:00",
        "update_time": "2025-10-05T13:22:05+00:00",
        "visible_to": "3",
        "cc_email": "nettbureaucase+14336439+lead4bzgz7toiorhmg5137uu74wro@pipedrivemail.com"
    }
}
05.10.2025 15:22:06 : New lead created with id: 493035b0-a1ee-11f0-a8e0-d9a10f84bde4and title: Fastprisdeal for: Luke Skyewalker
05.10.2025 15:28:24 : Runnin pre existing org test:
05.10.2025 15:28:24 : Org added to drive 
{
    "success": true,
    "data": {
        "id": 16,
        "name": "Luke Skyewalker",
        "owner_id": 24387309,
        "add_time": "2025-10-05T13:28:24Z",
        "is_deleted": false,
        "visible_to": 3,
        "label_ids": []
    }
} 

05.10.2025 15:28:24 : Searching for org
05.10.2025 15:28:25 : Org search success
05.10.2025 15:28:25 : 
Intigrating new lead... 

05.10.2025 15:28:25 : Searching for org
05.10.2025 15:28:25 : Org search success
05.10.2025 15:28:25 : Searching for person 
05.10.2025 15:28:26 : Person search Success
05.10.2025 15:28:26 : Org aleardy exist id: 16 and name: Luke Skyewalker
05.10.2025 15:28:26 : No preexisting person found. Creating new person
05.10.2025 15:28:26 : Error person not ceated
05.10.2025 15:28:26 : Searching for leads
05.10.2025 15:28:27 : Leads search success
05.10.2025 15:28:27 : No preexisting lead found. Creating new lead
05.10.2025 15:28:28 : Lead created with title: Fastprisdeal for: Luke Skyewalker, and id: 2cede810-a1ef-11f0-860b-dd29933a7269
05.10.2025 15:28:28 : New lead created with id: 2cede810-a1ef-11f0-860b-dd29933a7269and title: Fastprisdeal for: Luke Skyewalker
05.10.2025 15:31:42 : Runnin pre existing org test:
05.10.2025 15:31:43 : Org added to drive 
{
    "success": true,
    "data": {
        "id": 17,
        "name": "Luke Skyewalker",
        "owner_id": 24387309,
        "add_time": "2025-10-05T13:31:42Z",
        "is_deleted": false,
        "visible_to": 3,
        "label_ids": []
    }
} 

05.10.2025 15:31:43 : 
Intigrating new lead... 

05.10.2025 15:31:43 : Searching for org
05.10.2025 15:31:43 : Org search success
05.10.2025 15:31:43 : Searching for person 
05.10.2025 15:31:44 : Person search Success
05.10.2025 15:31:44 : No preexisting organization found based on name. Creating new org
05.10.2025 15:31:44 : Org added to drive 
{
    "success": true,
    "data": {
        "id": 18,
        "name": "Luke Skyewalker",
        "owner_id": 24387309,
        "add_time": "2025-10-05T13:31:43Z",
        "is_deleted": false,
        "visible_to": 3,
        "label_ids": []
    }
} 

05.10.2025 15:31:44 : New org created wtih ID: 18 and name: Luke Skyewalker
05.10.2025 15:31:44 : No preexisting person found. Creating new person
05.10.2025 15:31:45 : Error person not ceated
05.10.2025 15:31:45 : Searching for leads
05.10.2025 15:31:45 : Leads search success
05.10.2025 15:31:45 : No preexisting lead found. Creating new lead
05.10.2025 15:31:46 : Lead created with title: Fastprisdeal for: Luke Skyewalker, and id: a32ff450-a1ef-11f0-8351-8b12ca1274ac
05.10.2025 15:31:46 : New lead created with id: a32ff450-a1ef-11f0-8351-8b12ca1274acand title: Fastprisdeal for: Luke Skyewalker
05.10.2025 15:36:42 : Runnin pre existing org test:
05.10.2025 15:36:43 : Org added to drive 
{
    "success": true,
    "data": {
        "id": 112,
        "name": "Bob the builder",
        "owner_id": 24310826,
        "add_time": "2025-10-05T13:36:42Z",
        "is_deleted": false,
        "visible_to": 3,
        "label_ids": []
    }
} 

05.10.2025 15:36:43 : Searching for org
05.10.2025 15:36:43 : Org search success
05.10.2025 15:36:43 : 
Intigrating new lead... 

05.10.2025 15:36:43 : Searching for org
05.10.2025 15:36:44 : Org search success
05.10.2025 15:36:44 : Searching for person 
05.10.2025 15:36:44 : Person search Success
05.10.2025 15:36:44 : Org aleardy exist id: 112 and name: Bob the builder
05.10.2025 15:36:44 : No preexisting person found. Creating new person
05.10.2025 15:36:45 : Person added to drive 
{
    "success": true,
    "data": {
        "id": 89,
        "name": "Bob the builder",
        "first_name": "Bob",
        "last_name": "the builder",
        "owner_id": 24310826,
        "org_id": 112,
        "add_time": "2025-10-05T13:36:44Z",
        "emails": [
            {
                "value": "ola.nordmannn@online.no",
                "primary": true,
                "label": "work"
            }
        ],
        "phones": [
            {
                "value": "12345678",
                "primary": true,
                "label": "work"
            }
        ],
        "is_deleted": false,
        "visible_to": 3,
        "label_ids": [],
        "custom_fields": {
            "c0b071d74d13386af76f5681194fd8cd793e6020": [
                29
            ]
        }
    }
}

05.10.2025 15:36:45 : New person created with id: 89 and name: Bob the builder
05.10.2025 15:36:45 : Searching for leads
05.10.2025 15:36:45 : Leads search success
05.10.2025 15:36:45 : No preexisting lead found. Creating new lead
05.10.2025 15:36:46 : Lead created with title: Fastprisdeal for: Bob the builder, and id: 55f7c6d0-a1f0-11f0-a8e0-d9a10f84bde4
05.10.2025 15:36:46 : Added custom fields
05.10.2025 15:36:46 : {
    "success": true,
    "data": {
        "id": "55f7c6d0-a1f0-11f0-a8e0-d9a10f84bde4",
        "title": "Fastprisdeal for: Bob the builder",
        "owner_id": 24310826,
        "creator_id": 24310826,
        "label_ids": [],
        "person_id": 89,
        "organization_id": 112,
        "source_name": "API",
        "origin": "API",
        "is_archived": false,
        "was_seen": false,
        "add_time": "2025-10-05T13:36:45+00:00",
        "update_time": "2025-10-05T13:36:46+00:00",
        "visible_to": "3",
        "cc_email": "nettbureaucase+14336439+lead53800e1rl396gclsmdzqpnrvo@pipedrivemail.com"
    }
}
05.10.2025 15:36:46 : New lead created with id: 55f7c6d0-a1f0-11f0-a8e0-d9a10f84bde4and title: Fastprisdeal for: Bob the builder
05.10.2025 15:38:01 : Running pre existing person test:
05.10.2025 15:38:02 : Person added to drive 
{
    "success": true,
    "data": {
        "id": 90,
        "name": "Han Solo",
        "first_name": "Han",
        "last_name": "Solo",
        "owner_id": 24310826,
        "org_id": 105,
        "add_time": "2025-10-05T13:38:01Z",
        "emails": [
            {
                "value": "ola.nordmannn@online.no",
                "primary": true,
                "label": "work"
            }
        ],
        "phones": [
            {
                "value": "12345678",
                "primary": true,
                "label": "work"
            }
        ],
        "is_deleted": false,
        "visible_to": 3,
        "label_ids": [],
        "custom_fields": {
            "c0b071d74d13386af76f5681194fd8cd793e6020": [
                29
            ]
        }
    }
}

05.10.2025 15:38:02 : Searching for person 
05.10.2025 15:38:02 : Person search Success
05.10.2025 15:38:02 : 
Intigrating new lead... 

05.10.2025 15:38:02 : Searching for org
05.10.2025 15:38:03 : Org search success
05.10.2025 15:38:03 : Searching for person 
05.10.2025 15:38:03 : Person search Success
05.10.2025 15:38:03 : No preexisting organization found based on name. Creating new org
05.10.2025 15:38:04 : Org added to drive 
{
    "success": true,
    "data": {
        "id": 113,
        "name": "Han Solo",
        "owner_id": 24310826,
        "add_time": "2025-10-05T13:38:03Z",
        "is_deleted": false,
        "visible_to": 3,
        "label_ids": []
    }
} 

05.10.2025 15:38:04 : New org created wtih ID: 113 and name: Han Solo
05.10.2025 15:38:04 : Person already exists with id: 90 and name: Han Solo
05.10.2025 15:38:04 : New org added to person: {
    "success": true,
    "data": {
        "id": 90,
        "name": "Han Solo",
        "first_name": "Han",
        "last_name": "Solo",
        "owner_id": 24310826,
        "org_id": 113,
        "add_time": "2025-10-05T13:38:01Z",
        "update_time": "2025-10-05T13:38:03Z",
        "emails": [
            {
                "value": "ola.nordmannn@online.no",
                "primary": true,
                "label": "work"
            }
        ],
        "phones": [
            {
                "value": "12345678",
                "primary": true,
                "label": "work"
            }
        ],
        "is_deleted": false,
        "visible_to": 3,
        "label_ids": [],
        "custom_fields": {
            "c0b071d74d13386af76f5681194fd8cd793e6020": [
                29
            ]
        }
    }
}
05.10.2025 15:38:04 : Searching for leads
05.10.2025 15:38:05 : Leads search success
05.10.2025 15:38:05 : No preexisting lead found. Creating new lead
05.10.2025 15:38:05 : Lead created with title: Fastprisdeal for: Han Solo, and id: 853dd3d0-a1f0-11f0-8351-8b12ca1274ac
05.10.2025 15:38:06 : Added custom fields
05.10.2025 15:38:06 : {
    "success": true,
    "data": {
        "id": "853dd3d0-a1f0-11f0-8351-8b12ca1274ac",
        "title": "Fastprisdeal for: Han Solo",
        "owner_id": 24310826,
        "creator_id": 24310826,
        "label_ids": [],
        "person_id": 90,
        "organization_id": 113,
        "source_name": "API",
        "origin": "API",
        "is_archived": false,
        "was_seen": false,
        "add_time": "2025-10-05T13:38:04+00:00",
        "update_time": "2025-10-05T13:38:05+00:00",
        "visible_to": "3",
        "cc_email": "nettbureaucase+14336439+lead7vz4smjn2ij9zhgrez1uc5g30@pipedrivemail.com"
    }
}
05.10.2025 15:38:06 : New lead created with id: 853dd3d0-a1f0-11f0-8351-8b12ca1274acand title: Fastprisdeal for: Han Solo
05.10.2025 15:41:10 : Runnin pre existing org test:
05.10.2025 15:41:11 : Org added to drive 
{
    "success": true,
    "data": {
        "id": 114,
        "name": "Kermit the Frog",
        "owner_id": 24310826,
        "add_time": "2025-10-05T13:41:10Z",
        "is_deleted": false,
        "visible_to": 3,
        "label_ids": []
    }
} 

05.10.2025 15:41:11 : Updating database...
05.10.2025 15:41:12 : 
Intigrating new lead... 

05.10.2025 15:41:12 : Searching for org
05.10.2025 15:41:12 : Org search success
05.10.2025 15:41:12 : Searching for person 
05.10.2025 15:41:13 : Person search Success
05.10.2025 15:41:13 : Org aleardy exist id: 114 and name: Kermit the Frog
05.10.2025 15:41:13 : No preexisting person found. Creating new person
05.10.2025 15:41:13 : Person added to drive 
{
    "success": true,
    "data": {
        "id": 91,
        "name": "Kermit the Frog",
        "first_name": "Kermit",
        "last_name": "the Frog",
        "owner_id": 24310826,
        "org_id": 114,
        "add_time": "2025-10-05T13:41:12Z",
        "emails": [
            {
                "value": "ola.nordmannn@online.no",
                "primary": true,
                "label": "work"
            }
        ],
        "phones": [
            {
                "value": "12345678",
                "primary": true,
                "label": "work"
            }
        ],
        "is_deleted": false,
        "visible_to": 3,
        "label_ids": [],
        "custom_fields": {
            "c0b071d74d13386af76f5681194fd8cd793e6020": [
                29
            ]
        }
    }
}

05.10.2025 15:41:13 : New person created with id: 91 and name: Kermit the Frog
05.10.2025 15:41:13 : Searching for leads
05.10.2025 15:41:14 : Leads search success
05.10.2025 15:41:14 : No preexisting lead found. Creating new lead
05.10.2025 15:41:14 : Lead created with title: Fastprisdeal for: Kermit the Frog, and id: f5edc9f0-a1f0-11f0-860b-dd29933a7269
05.10.2025 15:41:15 : Added custom fields
05.10.2025 15:41:15 : {
    "success": true,
    "data": {
        "id": "f5edc9f0-a1f0-11f0-860b-dd29933a7269",
        "title": "Fastprisdeal for: Kermit the Frog",
        "owner_id": 24310826,
        "creator_id": 24310826,
        "label_ids": [],
        "person_id": 91,
        "organization_id": 114,
        "source_name": "API",
        "origin": "API",
        "is_archived": false,
        "was_seen": false,
        "add_time": "2025-10-05T13:41:13+00:00",
        "update_time": "2025-10-05T13:41:14+00:00",
        "visible_to": "3",
        "cc_email": "nettbureaucase+14336439+leadek57y0queb9l7hmhaebn45mqx@pipedrivemail.com"
    }
}
05.10.2025 15:41:15 : New lead created with id: f5edc9f0-a1f0-11f0-860b-dd29933a7269and title: Fastprisdeal for: Kermit the Frog
05.10.2025 15:42:01 : Running pre existing person test:
05.10.2025 15:42:01 : Person added to drive 
{
    "success": true,
    "data": {
        "id": 92,
        "name": "Leia Organa",
        "first_name": "Leia",
        "last_name": "Organa",
        "owner_id": 24310826,
        "org_id": 105,
        "add_time": "2025-10-05T13:42:01Z",
        "emails": [
            {
                "value": "ola.nordmannn@online.no",
                "primary": true,
                "label": "work"
            }
        ],
        "phones": [
            {
                "value": "12345678",
                "primary": true,
                "label": "work"
            }
        ],
        "is_deleted": false,
        "visible_to": 3,
        "label_ids": [],
        "custom_fields": {
            "c0b071d74d13386af76f5681194fd8cd793e6020": [
                29
            ]
        }
    }
}

05.10.2025 15:42:01 : Updating database...
05.10.2025 15:42:03 : 
Intigrating new lead... 

05.10.2025 15:42:03 : Searching for org
05.10.2025 15:42:03 : Org search success
05.10.2025 15:42:03 : Searching for person 
05.10.2025 15:42:04 : Person search Success
05.10.2025 15:42:04 : No preexisting organization found based on name. Creating new org
05.10.2025 15:42:04 : Org added to drive 
{
    "success": true,
    "data": {
        "id": 115,
        "name": "Leia Organa",
        "owner_id": 24310826,
        "add_time": "2025-10-05T13:42:03Z",
        "is_deleted": false,
        "visible_to": 3,
        "label_ids": []
    }
} 

05.10.2025 15:42:04 : New org created wtih ID: 115 and name: Leia Organa
05.10.2025 15:42:04 : Person already exists with id: 92 and name: Leia Organa
05.10.2025 15:42:05 : New org added to person: {
    "success": true,
    "data": {
        "id": 92,
        "name": "Leia Organa",
        "first_name": "Leia",
        "last_name": "Organa",
        "owner_id": 24310826,
        "org_id": 115,
        "add_time": "2025-10-05T13:42:01Z",
        "update_time": "2025-10-05T13:42:04Z",
        "emails": [
            {
                "value": "ola.nordmannn@online.no",
                "primary": true,
                "label": "work"
            }
        ],
        "phones": [
            {
                "value": "12345678",
                "primary": true,
                "label": "work"
            }
        ],
        "is_deleted": false,
        "visible_to": 3,
        "label_ids": [],
        "custom_fields": {
            "c0b071d74d13386af76f5681194fd8cd793e6020": [
                29
            ]
        }
    }
}
05.10.2025 15:42:05 : Searching for leads
05.10.2025 15:42:05 : Leads search success
05.10.2025 15:42:05 : No preexisting lead found. Creating new lead
05.10.2025 15:42:06 : Lead created with title: Fastprisdeal for: Leia Organa, and id: 149932e0-a1f1-11f0-8351-8b12ca1274ac
05.10.2025 15:42:06 : Added custom fields
05.10.2025 15:42:06 : {
    "success": true,
    "data": {
        "id": "149932e0-a1f1-11f0-8351-8b12ca1274ac",
        "title": "Fastprisdeal for: Leia Organa",
        "owner_id": 24310826,
        "creator_id": 24310826,
        "label_ids": [],
        "person_id": 92,
        "organization_id": 115,
        "source_name": "API",
        "origin": "API",
        "is_archived": false,
        "was_seen": false,
        "add_time": "2025-10-05T13:42:05+00:00",
        "update_time": "2025-10-05T13:42:06+00:00",
        "visible_to": "3",
        "cc_email": "nettbureaucase+14336439+lead17wfx6mluamn2n5ptzsmzjgdo@pipedrivemail.com"
    }
}
05.10.2025 15:42:06 : New lead created with id: 149932e0-a1f1-11f0-8351-8b12ca1274acand title: Fastprisdeal for: Leia Organa
05.10.2025 15:59:11 : Running all date preexists test:
05.10.2025 15:59:11 : 
Intigrating new lead... 

05.10.2025 15:59:11 : Searching for org
05.10.2025 15:59:11 : Org search success
05.10.2025 15:59:11 : Searching for person 
05.10.2025 15:59:12 : Person search Success
05.10.2025 15:59:12 : Org aleardy exist id: 103 and name: Ola Nordmann
05.10.2025 15:59:12 : Person already exists with id: 83 and name: Ola Nordmann
05.10.2025 15:59:12 : Searching for leads
05.10.2025 15:59:12 : Leads search success
05.10.2025 15:59:13 : Lead with same name already exists, no new lead created
